<?xml version="1.0" encoding="UTF-8"?>
<robot generator="Robot 6.1.1 (Python 3.12.0 on win32)" generated="20231029 21:28:07.824" rpa="false" schemaversion="4">
<suite id="s1" name="Testcase" source="C:\Users\ricks\Downloads\Rickson\Engenharia de Software 2\secretaria online\testcase.robot">
<test id="s1-t1" name="Caso de Teste 1: Realizar um requerimento geral como aluno" line="11">
<kw name="Abrir browser" library="resources" type="SETUP">
<kw name="Open Browser" library="SeleniumLibrary">
<arg>browser=${BROWSER}</arg>
<doc>Opens a new browser instance to the optional ``url``.</doc>
<msg timestamp="20231029 21:28:07.987" level="INFO">Opening browser 'chrome' to base url 'None'.</msg>
<status status="PASS" starttime="20231029 21:28:07.987" endtime="20231029 21:28:09.684"/>
</kw>
<kw name="Maximize Browser Window" library="SeleniumLibrary">
<doc>Maximizes current browser window.</doc>
<status status="PASS" starttime="20231029 21:28:09.684" endtime="20231029 21:28:09.819"/>
</kw>
<status status="PASS" starttime="20231029 21:28:07.987" endtime="20231029 21:28:09.820"/>
</kw>
<kw name="Acessar Secretaria Online como ALUNO" library="resources">
<kw name="Go To" library="SeleniumLibrary">
<arg>${URL}</arg>
<doc>Navigates the current browser window to the provided ``url``.</doc>
<msg timestamp="20231029 21:28:09.823" level="INFO">Opening url 'http://200.236.3.198:28080/secretariaonline2/Home'</msg>
<status status="PASS" starttime="20231029 21:28:09.822" endtime="20231029 21:28:10.736"/>
</kw>
<kw name="Wait Until Element Is Visible" library="SeleniumLibrary">
<arg>${LOGIN_PAGE_TEXT}</arg>
<doc>Waits until the element ``locator`` is visible.</doc>
<status status="PASS" starttime="20231029 21:28:10.736" endtime="20231029 21:28:10.778"/>
</kw>
<kw name="Logar com &quot;${GRR_ALUNO}&quot; &quot;${SENHA_ALUNO}&quot;" library="resources" sourcename="Logar com &quot;${USUARIO}&quot; &quot;${SENHA}&quot;">
<kw name="Input Text" library="SeleniumLibrary">
<arg>email</arg>
<arg>${USUARIO}</arg>
<doc>Types the given ``text`` into the text field identified by ``locator``.</doc>
<msg timestamp="20231029 21:28:10.779" level="INFO">Typing text 'GRR11111111' into text field 'email'.</msg>
<status status="PASS" starttime="20231029 21:28:10.778" endtime="20231029 21:28:10.954"/>
</kw>
<kw name="Input Text" library="SeleniumLibrary">
<arg>senha</arg>
<arg>${SENHA}</arg>
<doc>Types the given ``text`` into the text field identified by ``locator``.</doc>
<msg timestamp="20231029 21:28:10.955" level="INFO">Typing text '123' into text field 'senha'.</msg>
<status status="PASS" starttime="20231029 21:28:10.954" endtime="20231029 21:28:11.092"/>
</kw>
<kw name="Click Button" library="SeleniumLibrary">
<arg>submit</arg>
<doc>Clicks the button identified by ``locator``.</doc>
<msg timestamp="20231029 21:28:11.093" level="INFO">Clicking button 'submit'.</msg>
<status status="PASS" starttime="20231029 21:28:11.092" endtime="20231029 21:28:13.025"/>
</kw>
<kw name="Wait Until Element Is Visible" library="SeleniumLibrary">
<arg>${SOLICITATION_PAGE_TEXT}</arg>
<doc>Waits until the element ``locator`` is visible.</doc>
<status status="PASS" starttime="20231029 21:28:13.025" endtime="20231029 21:28:13.058"/>
</kw>
<status status="PASS" starttime="20231029 21:28:10.778" endtime="20231029 21:28:13.058"/>
</kw>
<status status="PASS" starttime="20231029 21:28:09.822" endtime="20231029 21:28:13.058"/>
</kw>
<kw name="Clicar em &quot;Abrir Nova Solicitação&quot;" library="resources">
<kw name="Click Element" library="SeleniumLibrary">
<arg>${BTN_SOLICITATION}</arg>
<doc>Click the element identified by ``locator``.</doc>
<msg timestamp="20231029 21:28:13.059" level="INFO">Clicking element '//a[contains(.,'Abrir Nova Solicitação')]'.</msg>
<status status="PASS" starttime="20231029 21:28:13.059" endtime="20231029 21:28:13.426"/>
</kw>
<kw name="Wait Until Element Is Visible" library="SeleniumLibrary">
<arg>${NEW_SOLICITATION_TEXT}</arg>
<doc>Waits until the element ``locator`` is visible.</doc>
<status status="PASS" starttime="20231029 21:28:13.426" endtime="20231029 21:28:13.459"/>
</kw>
<status status="PASS" starttime="20231029 21:28:13.059" endtime="20231029 21:28:13.459"/>
</kw>
<kw name="Selecionar o tipo de solicitação &quot;Requerimento Geral&quot;" library="resources">
<kw name="Select From List By Label" library="SeleniumLibrary">
<arg>//select[contains(@name, 'idTipoSolicitacao')]</arg>
<arg>Requerimento Geral</arg>
<doc>Selects options from selection list ``locator`` by ``labels``.</doc>
<msg timestamp="20231029 21:28:13.463" level="INFO">Selecting options from selection list '//select[contains(@name, 'idTipoSolicitacao')]' by label Requerimento Geral.</msg>
<status status="PASS" starttime="20231029 21:28:13.461" endtime="20231029 21:28:13.590"/>
</kw>
<kw name="Click Button" library="SeleniumLibrary">
<arg>submit</arg>
<doc>Clicks the button identified by ``locator``.</doc>
<msg timestamp="20231029 21:28:13.591" level="INFO">Clicking button 'submit'.</msg>
<status status="PASS" starttime="20231029 21:28:13.591" endtime="20231029 21:28:14.056"/>
</kw>
<status status="PASS" starttime="20231029 21:28:13.459" endtime="20231029 21:28:14.056"/>
</kw>
<kw name="Preechar o campo da solicitação - sem arquivo" library="resources">
<kw name="Get Current Date" library="DateTime">
<var>${CURRENT_DATE}</var>
<doc>Returns current local or UTC time with an optional increment.</doc>
<msg timestamp="20231029 21:28:14.058" level="INFO">${CURRENT_DATE} = 2023-10-29 21:28:14.058</msg>
<status status="PASS" starttime="20231029 21:28:14.057" endtime="20231029 21:28:14.058"/>
</kw>
<kw name="Catenate" library="BuiltIn">
<var>${SOLICITATION_TEXT}</var>
<arg>${TEXT}</arg>
<arg>${CURRENT_DATE}</arg>
<doc>Catenates the given items together and returns the resulted string.</doc>
<msg timestamp="20231029 21:28:14.059" level="INFO">${SOLICITATION_TEXT} = Texto para solicitação da Secretaria Online. Criado em 2023-10-29 21:28:14.058</msg>
<status status="PASS" starttime="20231029 21:28:14.058" endtime="20231029 21:28:14.059"/>
</kw>
<kw name="Input Text" library="SeleniumLibrary">
<arg>descricao</arg>
<arg>${SOLICITATION_TEXT}</arg>
<doc>Types the given ``text`` into the text field identified by ``locator``.</doc>
<msg timestamp="20231029 21:28:14.060" level="INFO">Typing text 'Texto para solicitação da Secretaria Online. Criado em 2023-10-29 21:28:14.058' into text field 'descricao'.</msg>
<status status="PASS" starttime="20231029 21:28:14.059" endtime="20231029 21:28:14.252"/>
</kw>
<status status="PASS" starttime="20231029 21:28:14.057" endtime="20231029 21:28:14.253"/>
</kw>
<kw name="Clicar em &quot;Salvar&quot;" library="resources">
<kw name="Click Button" library="SeleniumLibrary">
<arg>submit</arg>
<doc>Clicks the button identified by ``locator``.</doc>
<msg timestamp="20231029 21:28:14.254" level="INFO">Clicking button 'submit'.</msg>
<status status="PASS" starttime="20231029 21:28:14.253" endtime="20231029 21:28:14.791"/>
</kw>
<kw name="Get Location" library="SeleniumLibrary">
<var>${CURRENT_URL}</var>
<doc>Returns the current browser window URL.</doc>
<msg timestamp="20231029 21:28:14.806" level="INFO">${CURRENT_URL} = http://200.236.3.198:28080/secretariaonline2/createSolGeral?id=10757&amp;descricao=Texto%20para%20solicita%C3%A7%C3%A3o%20da%20Secretaria%20Online.%20Criado%20em%202023-10-29%2021%3A28%3A14.058&amp;nomeArquiv...</msg>
<status status="PASS" starttime="20231029 21:28:14.792" endtime="20231029 21:28:14.806"/>
</kw>
<kw name="Get Id From ${CURRENT_URL}" library="resources" sourcename="Get Id From ${CURRENT_URL}">
<kw name="Fetch From Left" library="String">
<var>${STR_TMP}</var>
<arg>${CURRENT_URL}</arg>
<arg>&amp;descricao</arg>
<doc>Returns contents of the ``string`` before the first occurrence of ``marker``.</doc>
<msg timestamp="20231029 21:28:14.806" level="INFO">${STR_TMP} = http://200.236.3.198:28080/secretariaonline2/createSolGeral?id=10757</msg>
<status status="PASS" starttime="20231029 21:28:14.806" endtime="20231029 21:28:14.806"/>
</kw>
<kw name="Fetch From Right" library="String">
<var>${STR_TMP}</var>
<arg>${STR_TMP}</arg>
<arg>?id=</arg>
<doc>Returns contents of the ``string`` after the last occurrence of ``marker``.</doc>
<msg timestamp="20231029 21:28:14.806" level="INFO">${STR_TMP} = 10757</msg>
<status status="PASS" starttime="20231029 21:28:14.806" endtime="20231029 21:28:14.806"/>
</kw>
<kw name="Set Suite Variable" library="BuiltIn">
<arg>${CREATED_SOLICITATION_ID}</arg>
<arg>${STR_TMP}</arg>
<doc>Makes a variable available everywhere within the scope of the current suite.</doc>
<msg timestamp="20231029 21:28:14.807" level="INFO">${CREATED_SOLICITATION_ID} = 10757</msg>
<status status="PASS" starttime="20231029 21:28:14.806" endtime="20231029 21:28:14.807"/>
</kw>
<status status="PASS" starttime="20231029 21:28:14.806" endtime="20231029 21:28:14.807"/>
</kw>
<kw name="Logoff" library="resources">
<kw name="Click Element" library="SeleniumLibrary">
<arg>(//a[@href='logarUsuarioSair1'][contains(.,'Sair')])[2]</arg>
<doc>Click the element identified by ``locator``.</doc>
<msg timestamp="20231029 21:28:14.807" level="INFO">Clicking element '(//a[@href='logarUsuarioSair1'][contains(.,'Sair')])[2]'.</msg>
<status status="PASS" starttime="20231029 21:28:14.807" endtime="20231029 21:28:15.147"/>
</kw>
<status status="PASS" starttime="20231029 21:28:14.807" endtime="20231029 21:28:15.147"/>
</kw>
<status status="PASS" starttime="20231029 21:28:14.253" endtime="20231029 21:28:15.147"/>
</kw>
<kw name="A solicitação criada deve aparecer na lista solicitações do aluno" library="resources">
<kw name="Acessar Secretaria Online como ALUNO" library="resources">
<kw name="Go To" library="SeleniumLibrary">
<arg>${URL}</arg>
<doc>Navigates the current browser window to the provided ``url``.</doc>
<msg timestamp="20231029 21:28:15.150" level="INFO">Opening url 'http://200.236.3.198:28080/secretariaonline2/Home'</msg>
<status status="PASS" starttime="20231029 21:28:15.150" endtime="20231029 21:28:15.354"/>
</kw>
<kw name="Wait Until Element Is Visible" library="SeleniumLibrary">
<arg>${LOGIN_PAGE_TEXT}</arg>
<doc>Waits until the element ``locator`` is visible.</doc>
<status status="PASS" starttime="20231029 21:28:15.355" endtime="20231029 21:28:15.384"/>
</kw>
<kw name="Logar com &quot;${GRR_ALUNO}&quot; &quot;${SENHA_ALUNO}&quot;" library="resources" sourcename="Logar com &quot;${USUARIO}&quot; &quot;${SENHA}&quot;">
<kw name="Input Text" library="SeleniumLibrary">
<arg>email</arg>
<arg>${USUARIO}</arg>
<doc>Types the given ``text`` into the text field identified by ``locator``.</doc>
<msg timestamp="20231029 21:28:15.384" level="INFO">Typing text 'GRR11111111' into text field 'email'.</msg>
<status status="PASS" starttime="20231029 21:28:15.384" endtime="20231029 21:28:15.514"/>
</kw>
<kw name="Input Text" library="SeleniumLibrary">
<arg>senha</arg>
<arg>${SENHA}</arg>
<doc>Types the given ``text`` into the text field identified by ``locator``.</doc>
<msg timestamp="20231029 21:28:15.515" level="INFO">Typing text '123' into text field 'senha'.</msg>
<status status="PASS" starttime="20231029 21:28:15.514" endtime="20231029 21:28:15.637"/>
</kw>
<kw name="Click Button" library="SeleniumLibrary">
<arg>submit</arg>
<doc>Clicks the button identified by ``locator``.</doc>
<msg timestamp="20231029 21:28:15.637" level="INFO">Clicking button 'submit'.</msg>
<status status="PASS" starttime="20231029 21:28:15.637" endtime="20231029 21:28:17.069"/>
</kw>
<kw name="Wait Until Element Is Visible" library="SeleniumLibrary">
<arg>${SOLICITATION_PAGE_TEXT}</arg>
<doc>Waits until the element ``locator`` is visible.</doc>
<status status="PASS" starttime="20231029 21:28:17.069" endtime="20231029 21:28:17.109"/>
</kw>
<status status="PASS" starttime="20231029 21:28:15.384" endtime="20231029 21:28:17.109"/>
</kw>
<status status="PASS" starttime="20231029 21:28:15.150" endtime="20231029 21:28:17.109"/>
</kw>
<kw name="Replace String" library="String">
<var>${LOCATOR}</var>
<arg>${CONSULT_LINK}</arg>
<arg>X</arg>
<arg>${CREATED_SOLICITATION_ID}</arg>
<doc>Replaces ``search_for`` in the given ``string`` with ``replace_with``.</doc>
<msg timestamp="20231029 21:28:17.111" level="INFO">${LOCATOR} = //a[@href='consultarSolicitacao?origem=home&amp;id=10757'][contains(.,'Consultar')]</msg>
<status status="PASS" starttime="20231029 21:28:17.110" endtime="20231029 21:28:17.111"/>
</kw>
<kw name="Wait Until Element Is Visible" library="SeleniumLibrary">
<arg>${LOCATOR}</arg>
<doc>Waits until the element ``locator`` is visible.</doc>
<msg timestamp="20231029 21:28:22.373" level="INFO" html="true">&lt;/td&gt;&lt;/tr&gt;&lt;tr&gt;&lt;td colspan="3"&gt;&lt;a href="selenium-screenshot-19.png"&gt;&lt;img src="selenium-screenshot-19.png" width="800px"&gt;&lt;/a&gt;</msg>
<msg timestamp="20231029 21:28:22.373" level="FAIL">Element '//a[@href='consultarSolicitacao?origem=home&amp;id=10757'][contains(.,'Consultar')]' not visible after 5 seconds.</msg>
<status status="FAIL" starttime="20231029 21:28:17.112" endtime="20231029 21:28:22.373"/>
</kw>
<kw name="Logoff" library="resources">
<status status="NOT RUN" starttime="20231029 21:28:22.373" endtime="20231029 21:28:22.373"/>
</kw>
<status status="FAIL" starttime="20231029 21:28:15.149" endtime="20231029 21:28:22.373"/>
</kw>
<kw name="Fechar browser" library="resources" type="TEARDOWN">
<kw name="Capture Page Screenshot" library="SeleniumLibrary">
<doc>Takes a screenshot of the current page and embeds it into a log file.</doc>
<msg timestamp="20231029 21:28:22.605" level="INFO" html="true">&lt;/td&gt;&lt;/tr&gt;&lt;tr&gt;&lt;td colspan="3"&gt;&lt;a href="selenium-screenshot-20.png"&gt;&lt;img src="selenium-screenshot-20.png" width="800px"&gt;&lt;/a&gt;</msg>
<status status="PASS" starttime="20231029 21:28:22.373" endtime="20231029 21:28:22.605"/>
</kw>
<status status="PASS" starttime="20231029 21:28:22.373" endtime="20231029 21:28:22.605"/>
</kw>
<doc>Verifica se os contatos são corretamente mostrados.</doc>
<tag>aluno</tag>
<tag>requerimento</tag>
<status status="FAIL" starttime="20231029 21:28:07.986" endtime="20231029 21:28:22.605">Element '//a[@href='consultarSolicitacao?origem=home&amp;id=10757'][contains(.,'Consultar')]' not visible after 5 seconds.</status>
</test>
<doc>Verifica requerimentos gerais da Secretaria Online.</doc>
<status status="FAIL" starttime="20231029 21:28:07.825" endtime="20231029 21:28:22.605"/>
</suite>
<statistics>
<total>
<stat pass="0" fail="1" skip="0">All Tests</stat>
</total>
<tag>
<stat pass="0" fail="1" skip="0">aluno</stat>
<stat pass="0" fail="1" skip="0">requerimento</stat>
</tag>
<suite>
<stat pass="0" fail="1" skip="0" id="s1" name="Testcase">Testcase</stat>
</suite>
</statistics>
<errors>
</errors>
</robot>
